  test_mysql_v2.cpp
test_mysql_v2.obj : error LNK2019: 无法解析的外部符号 _mysql_init@4，该符号在函数 _main 中被引用
test_mysql_v2.obj : error LNK2019: 无法解析的外部符号 _mysql_real_connect@32，该符号在函数 _main 中被引用
test_mysql_v2.obj : error LNK2019: 无法解析的外部符号 _mysql_query@8，该符号在函数 _main 中被引用
test_mysql_v2.obj : error LNK2019: 无法解析的外部符号 _mysql_store_result@4，该符号在函数 _main 中被引用
test_mysql_v2.obj : error LNK2019: 无法解析的外部符号 _mysql_options@12，该符号在函数 _main 中被引用
test_mysql_v2.obj : error LNK2019: 无法解析的外部符号 _mysql_free_result@4，该符号在函数 _main 中被引用
test_mysql_v2.obj : error LNK2019: 无法解析的外部符号 _mysql_fetch_row@4，该符号在函数 _main 中被引用
test_mysql_v2.obj : error LNK2019: 无法解析的外部符号 _mysql_close@4，该符号在函数 _main 中被引用
C:\Program Files\MySQL\MySQL Server 8.0\lib\libmysql.lib : warning LNK4272: 库计算机类型“x64”与目标计算机类型“x86”冲突
D:\project\test_mysql_v2\Debug\test_mysql_v2.exe : fatal error LNK1120: 8 个无法解析的外部命令
